# JRE version: OpenJDK Runtime Environment (17.0.11+9) (build 17.0.11+9-Debian-1deb12u1)
# Java VM: OpenJDK 64-Bit Server VM (17.0.11+9-Debian-1deb12u1, mixed mode, sharing, tiered, compressed oops, compressed class ptrs, g1 gc, linux-amd64)
GC Precious Log:
 CPUs: 4 total, 4 available
 Memory: 3913M
 Large Page Support: Disabled
 NUMA Support: Disabled
 Compressed Oops: Enabled (32-bit)
 Heap Region Size: 1M
 Heap Min Capacity: 8M
 Heap Initial Capacity: 62M
 Heap Max Capacity: 980M
 Pre-touch: Disabled
 Parallel Workers: 4
 Concurrent Workers: 1
 Concurrent Refinement Workers: 4
 Periodic GC: Disabled
 String Deduplication is enabled
Heap:
 garbage-first heap   total 442368K, used 319035K [0x00000000c2c00000, 0x0000000100000000)
  region size 1024K, 255 young (261120K), 17 survivors (17408K)
 Metaspace       used 92006K, committed 94784K, reserved 1179648K
  class space    used 10748K, committed 11904K, reserved 1048576K
GC Heap History (20 events):
Event: 15.843 GC heap before
{Heap before GC invocations=26 (full 0):
 garbage-first heap   total 149504K, used 105356K [0x00000000c2c00000, 0x0000000100000000)
  region size 1024K, 65 young (66560K), 3 survivors (3072K)
 Metaspace       used 42339K, committed 43648K, reserved 1114112K
  class space    used 4817K, committed 5312K, reserved 1048576K
}
Event: 15.857 GC heap after
{Heap after GC invocations=27 (full 0):
 garbage-first heap   total 149504K, used 46447K [0x00000000c2c00000, 0x0000000100000000)
  region size 1024K, 7 young (7168K), 7 survivors (7168K)
 Metaspace       used 42339K, committed 43648K, reserved 1114112K
  class space    used 4817K, committed 5312K, reserved 1048576K
}
Event: 15.868 GC heap before
{Heap before GC invocations=27 (full 0):
 garbage-first heap   total 149504K, used 47471K [0x00000000c2c00000, 0x0000000100000000)
  region size 1024K, 8 young (8192K), 7 survivors (7168K)
 Metaspace       used 42341K, committed 43648K, reserved 1114112K
  class space    used 4818K, committed 5312K, reserved 1048576K
}
Event: 15.880 GC heap after
{Heap after GC invocations=28 (full 0):
 garbage-first heap   total 149504K, used 45824K [0x00000000c2c00000, 0x0000000100000000)
  region size 1024K, 1 young (1024K), 1 survivors (1024K)
 Metaspace       used 42341K, committed 43648K, reserved 1114112K
  class space    used 4818K, committed 5312K, reserved 1048576K
}
Event: 16.979 GC heap before
{Heap before GC invocations=28 (full 0):
 garbage-first heap   total 149504K, used 112384K [0x00000000c2c00000, 0x0000000100000000)
  region size 1024K, 67 young (68608K), 1 survivors (1024K)
 Metaspace       used 50543K, committed 52224K, reserved 1114112K
  class space    used 5901K, committed 6528K, reserved 1048576K
}
Event: 16.988 GC heap after
{Heap after GC invocations=29 (full 0):
 garbage-first heap   total 149504K, used 48342K [0x00000000c2c00000, 0x0000000100000000)
  region size 1024K, 4 young (4096K), 4 survivors (4096K)
 Metaspace       used 50543K, committed 52224K, reserved 1114112K
  class space    used 5901K, committed 6528K, reserved 1048576K
}
Event: 18.436 GC heap before
{Heap before GC invocations=29 (full 0):
 garbage-first heap   total 149504K, used 113878K [0x00000000c2c00000, 0x0000000100000000)
  region size 1024K, 69 young (70656K), 4 survivors (4096K)
 Metaspace       used 59117K, committed 61120K, reserved 1114112K
  class space    used 6944K, committed 7744K, reserved 1048576K
}
Event: 18.453 GC heap after
{Heap after GC invocations=30 (full 0):
 garbage-first heap   total 149504K, used 53687K [0x00000000c2c00000, 0x0000000100000000)
  region size 1024K, 9 young (9216K), 9 survivors (9216K)
 Metaspace       used 59117K, committed 61120K, reserved 1114112K
  class space    used 6944K, committed 7744K, reserved 1048576K
}
Event: 18.998 GC heap before
{Heap before GC invocations=30 (full 0):
 garbage-first heap   total 149504K, used 117175K [0x00000000c2c00000, 0x0000000100000000)
  region size 1024K, 71 young (72704K), 9 survivors (9216K)
 Metaspace       used 60014K, committed 62208K, reserved 1114112K
  class space    used 7104K, committed 8000K, reserved 1048576K
}
Event: 19.024 GC heap after
{Heap after GC invocations=31 (full 0):
 garbage-first heap   total 149504K, used 55543K [0x00000000c2c00000, 0x0000000100000000)
  region size 1024K, 3 young (3072K), 3 survivors (3072K)
 Metaspace       used 60014K, committed 62208K, reserved 1114112K
  class space    used 7104K, committed 8000K, reserved 1048576K
}
Event: 19.543 GC heap before
{Heap before GC invocations=31 (full 0):
 garbage-first heap   total 149504K, used 120055K [0x00000000c2c00000, 0x0000000100000000)
  region size 1024K, 66 young (67584K), 3 survivors (3072K)
 Metaspace       used 61921K, committed 64128K, reserved 1114112K
  class space    used 7375K, committed 8256K, reserved 1048576K
}
Event: 19.556 GC heap after
{Heap after GC invocations=32 (full 0):
 garbage-first heap   total 149504K, used 57259K [0x00000000c2c00000, 0x0000000100000000)
  region size 1024K, 4 young (4096K), 4 survivors (4096K)
 Metaspace       used 61921K, committed 64128K, reserved 1114112K
  class space    used 7375K, committed 8256K, reserved 1048576K
}
Event: 20.142 GC heap before
{Heap before GC invocations=33 (full 0):
 garbage-first heap   total 152576K, used 119723K [0x00000000c2c00000, 0x0000000100000000)
  region size 1024K, 67 young (68608K), 4 survivors (4096K)
 Metaspace       used 64473K, committed 66816K, reserved 1114112K
  class space    used 7713K, committed 8704K, reserved 1048576K
}
Event: 20.155 GC heap after
{Heap after GC invocations=34 (full 0):
 garbage-first heap   total 152576K, used 58189K [0x00000000c2c00000, 0x0000000100000000)
  region size 1024K, 6 young (6144K), 6 survivors (6144K)
 Metaspace       used 64473K, committed 66816K, reserved 1114112K
  class space    used 7713K, committed 8704K, reserved 1048576K
}
Event: 20.168 GC heap before
{Heap before GC invocations=34 (full 0):
 garbage-first heap   total 152576K, used 59213K [0x00000000c2c00000, 0x0000000100000000)
  region size 1024K, 7 young (7168K), 6 survivors (6144K)
 Metaspace       used 64526K, committed 66880K, reserved 1114112K
  class space    used 7719K, committed 8704K, reserved 1048576K
}
Event: 20.181 GC heap after
{Heap after GC invocations=35 (full 0):
 garbage-first heap   total 152576K, used 57332K [0x00000000c2c00000, 0x0000000100000000)
  region size 1024K, 1 young (1024K), 1 survivors (1024K)
 Metaspace       used 64526K, committed 66880K, reserved 1114112K
  class space    used 7719K, committed 8704K, reserved 1048576K
}
Event: 20.739 GC heap before
{Heap before GC invocations=35 (full 0):
 garbage-first heap   total 152576K, used 123892K [0x00000000c2c00000, 0x0000000100000000)
  region size 1024K, 66 young (67584K), 1 survivors (1024K)
 Metaspace       used 65854K, committed 68224K, reserved 1114112K
  class space    used 7855K, committed 8832K, reserved 1048576K
}
Event: 20.756 GC heap after
{Heap after GC invocations=36 (full 0):
 garbage-first heap   total 442368K, used 58418K [0x00000000c2c00000, 0x0000000100000000)
  region size 1024K, 2 young (2048K), 2 survivors (2048K)
 Metaspace       used 65854K, committed 68224K, reserved 1114112K
  class space    used 7855K, committed 8832K, reserved 1048576K
}
Event: 26.170 GC heap before
{Heap before GC invocations=36 (full 0):
 garbage-first heap   total 442368K, used 323634K [0x00000000c2c00000, 0x0000000100000000)
  region size 1024K, 259 young (265216K), 2 survivors (2048K)
 Metaspace       used 81257K, committed 83840K, reserved 1179648K
  class space    used 9619K, committed 10624K, reserved 1048576K
}
Event: 26.230 GC heap after
{Heap after GC invocations=37 (full 0):
 garbage-first heap   total 442368K, used 73275K [0x00000000c2c00000, 0x0000000100000000)
  region size 1024K, 17 young (17408K), 17 survivors (17408K)
 Metaspace       used 81257K, committed 83840K, reserved 1179648K
  class space    used 9619K, committed 10624K, reserved 1048576K
}

